<?xml version="1.0" encoding="UTF-8"?>
<testng-results ignored="0" total="2" passed="2" failed="0" skipped="0">
  <reporter-output>
  </reporter-output>
  <suite started-at="2025-03-04T13:17:41 IST" name="Default suite" finished-at="2025-03-04T13:18:12 IST" duration-ms="30643">
    <groups>
    </groups>
    <test started-at="2025-03-04T13:17:41 IST" name="Default test" finished-at="2025-03-04T13:18:12 IST" duration-ms="30643">
      <class name="TestNG.DemoTestNG.NewTest">
        <test-method signature="TestFacebook()[pri:0, instance:TestNG.DemoTestNG.NewTest@397fbdb]" started-at="2025-03-04T13:17:41 IST" name="TestFacebook" finished-at="2025-03-04T13:17:58 IST" duration-ms="16996" status="PASS">
          <reporter-output>
          </reporter-output>
        </test-method> <!-- TestFacebook -->
        <test-method signature="TestGoogle()[pri:0, instance:TestNG.DemoTestNG.NewTest@397fbdb]" started-at="2025-03-04T13:17:58 IST" name="TestGoogle" finished-at="2025-03-04T13:18:12 IST" duration-ms="13584" status="PASS">
          <reporter-output>
          </reporter-output>
        </test-method> <!-- TestGoogle -->
      </class> <!-- TestNG.DemoTestNG.NewTest -->
    </test> <!-- Default test -->
  </suite> <!-- Default suite -->
</testng-results>
